<?xml version="1.0" encoding="UTF-8"?>
<!-- Generated by org.testng.reporters.JUnitReportReporter -->
<testsuite hostname="ALVEO53" failures="0" tests="1" name="thinkBridge.testcases.LoginTest_TestNG" time="16.447" errors="0" timestamp="2022-02-27T16:33:35 IST" skipped="0">
  <testcase classname="thinkBridge.testcases.LoginTest_TestNG" name="LoginTest" time="16.447"/>
  <system-out/>
</testsuite> <!-- thinkBridge.testcases.LoginTest_TestNG -->
